<?xml version="1.0" encoding="UTF-8"?>
<!-- Generated by org.testng.reporters.JUnitReportReporter -->
<testsuite skipped="0" hostname="DESKTOP-2IF7769" name="com.test.OMRBranchClub" tests="6" failures="0" timestamp="15 Jun 2022 15:14:13 GMT" time="17.867" errors="0">
  <testcase name="login" time="6.889" classname="com.test.OMRBranchClub"/>
  <testcase name="CreateAddress" time="2.370" classname="com.test.OMRBranchClub"/>
  <testcase name="UpdateAddress" time="1.838" classname="com.test.OMRBranchClub"/>
  <testcase name="getAddress" time="2.041" classname="com.test.OMRBranchClub"/>
  <testcase name="DeleteAddress" time="1.891" classname="com.test.OMRBranchClub"/>
  <testcase name="profilepicupdate" time="2.838" classname="com.test.OMRBranchClub"/>
</testsuite> <!-- com.test.OMRBranchClub -->
